# JRE version: Java(TM) SE Runtime Environment (8.0_341-b10) (build 1.8.0_341-b10)
# Java VM: Java HotSpot(TM) 64-Bit Server VM (25.341-b10 mixed mode bsd-amd64 compressed oops)
Heap:
 PSYoungGen      total 4124672K, used 1941889K [0x000000066ab00000, 0x000000077fa80000, 0x00000007c0000000)
  eden space 4067328K, 46% used [0x000000066ab00000,0x00000006de9062b0,0x0000000762f00000)
  from space 57344K, 75% used [0x0000000762f00000,0x000000076595a368,0x0000000766700000)
  to   space 59904K, 22% used [0x000000077c000000,0x000000077cd4e348,0x000000077fa80000)
 ParOldGen       total 612352K, used 67675K [0x00000003c0000000, 0x00000003e5600000, 0x000000066ab00000)
  object space 612352K, 11% used [0x00000003c0000000,0x00000003c4216de0,0x00000003e5600000)
 Metaspace       used 86858K, capacity 92210K, committed 92544K, reserved 1130496K
  class space    used 11379K, capacity 12310K, committed 12416K, reserved 1048576K
GC Heap History (10 events):
Event: 1268.889 GC heap after
Heap after GC invocations=25 (full 5):
 PSYoungGen      total 4110336K, used 42632K [0x000000066ab00000, 0x0000000769b00000, 0x00000007c0000000)
  eden space 4060672K, 0% used [0x000000066ab00000,0x000000066ab00000,0x0000000762880000)
  from space 49664K, 85% used [0x0000000765c80000,0x00000007686223a8,0x0000000768d00000)
  to   space 53248K, 0% used [0x0000000762880000,0x0000000762880000,0x0000000765c80000)
 ParOldGen       total 612352K, used 64454K [0x00000003c0000000, 0x00000003e5600000, 0x000000066ab00000)
  object space 612352K, 10% used [0x00000003c0000000,0x00000003c3ef1aa8,0x00000003e5600000)
 Metaspace       used 80596K, capacity 85648K, committed 86016K, reserved 1124352K
  class space    used 10763K, capacity 11670K, committed 11776K, reserved 1048576K
}
Event: 1332.482 GC heap before
{Heap before GC invocations=26 (full 5):
 PSYoungGen      total 4110336K, used 2730478K [0x000000066ab00000, 0x0000000769b00000, 0x00000007c0000000)
  eden space 4060672K, 66% used [0x000000066ab00000,0x000000070ebd95b0,0x0000000762880000)
  from space 49664K, 85% used [0x0000000765c80000,0x00000007686223a8,0x0000000768d00000)
  to   space 53248K, 0% used [0x0000000762880000,0x0000000762880000,0x0000000765c80000)
 ParOldGen       total 612352K, used 64454K [0x00000003c0000000, 0x00000003e5600000, 0x000000066ab00000)
  object space 612352K, 10% used [0x00000003c0000000,0x00000003c3ef1aa8,0x00000003e5600000)
 Metaspace       used 80763K, capacity 85850K, committed 86016K, reserved 1124352K
  class space    used 10767K, capacity 11672K, committed 11776K, reserved 1048576K
Event: 1332.492 GC heap after
Heap after GC invocations=26 (full 5):
 PSYoungGen      total 4113920K, used 14232K [0x000000066ab00000, 0x0000000769b00000, 0x00000007c0000000)
  eden space 4060672K, 0% used [0x000000066ab00000,0x000000066ab00000,0x0000000762880000)
  from space 53248K, 26% used [0x0000000762880000,0x0000000763666368,0x0000000765c80000)
  to   space 53248K, 0% used [0x0000000766700000,0x0000000766700000,0x0000000769b00000)
 ParOldGen       total 612352K, used 64462K [0x00000003c0000000, 0x00000003e5600000, 0x000000066ab00000)
  object space 612352K, 10% used [0x00000003c0000000,0x00000003c3ef3aa8,0x00000003e5600000)
 Metaspace       used 80763K, capacity 85850K, committed 86016K, reserved 1124352K
  class space    used 10767K, capacity 11672K, committed 11776K, reserved 1048576K
}
Event: 1332.492 GC heap before
{Heap before GC invocations=27 (full 6):
 PSYoungGen      total 4113920K, used 14232K [0x000000066ab00000, 0x0000000769b00000, 0x00000007c0000000)
  eden space 4060672K, 0% used [0x000000066ab00000,0x000000066ab00000,0x0000000762880000)
  from space 53248K, 26% used [0x0000000762880000,0x0000000763666368,0x0000000765c80000)
  to   space 53248K, 0% used [0x0000000766700000,0x0000000766700000,0x0000000769b00000)
 ParOldGen       total 612352K, used 64462K [0x00000003c0000000, 0x00000003e5600000, 0x000000066ab00000)
  object space 612352K, 10% used [0x00000003c0000000,0x00000003c3ef3aa8,0x00000003e5600000)
 Metaspace       used 80763K, capacity 85850K, committed 86016K, reserved 1124352K
  class space    used 10767K, capacity 11672K, committed 11776K, reserved 1048576K
Event: 1332.715 GC heap after
Heap after GC invocations=27 (full 6):
 PSYoungGen      total 4113920K, used 0K [0x000000066ab00000, 0x0000000769b00000, 0x00000007c0000000)
  eden space 4060672K, 0% used [0x000000066ab00000,0x000000066ab00000,0x0000000762880000)
  from space 53248K, 0% used [0x0000000762880000,0x0000000762880000,0x0000000765c80000)
  to   space 53248K, 0% used [0x0000000766700000,0x0000000766700000,0x0000000769b00000)
 ParOldGen       total 612352K, used 67659K [0x00000003c0000000, 0x00000003e5600000, 0x000000066ab00000)
  object space 612352K, 11% used [0x00000003c0000000,0x00000003c4212de0,0x00000003e5600000)
 Metaspace       used 80704K, capacity 85754K, committed 86016K, reserved 1124352K
  class space    used 10758K, capacity 11655K, committed 11776K, reserved 1048576K
}
Event: 1339.880 GC heap before
{Heap before GC invocations=28 (full 6):
 PSYoungGen      total 4113920K, used 4060672K [0x000000066ab00000, 0x0000000769b00000, 0x00000007c0000000)
  eden space 4060672K, 100% used [0x000000066ab00000,0x0000000762880000,0x0000000762880000)
  from space 53248K, 0% used [0x0000000762880000,0x0000000762880000,0x0000000765c80000)
  to   space 53248K, 0% used [0x0000000766700000,0x0000000766700000,0x0000000769b00000)
 ParOldGen       total 612352K, used 67659K [0x00000003c0000000, 0x00000003e5600000, 0x000000066ab00000)
  object space 612352K, 11% used [0x00000003c0000000,0x00000003c4212de0,0x00000003e5600000)
 Metaspace       used 86352K, capacity 91756K, committed 92032K, reserved 1128448K
  class space    used 11365K, capacity 12308K, committed 12416K, reserved 1048576K
Event: 1339.898 GC heap after
Heap after GC invocations=28 (full 6):
 PSYoungGen      total 4120576K, used 45870K [0x000000066ab00000, 0x000000077c880000, 0x00000007c0000000)
  eden space 4067328K, 0% used [0x000000066ab00000,0x000000066ab00000,0x0000000762f00000)
  from space 53248K, 86% used [0x0000000766700000,0x00000007693cbbf8,0x0000000769b00000)
  to   space 57344K, 0% used [0x0000000762f00000,0x0000000762f00000,0x0000000766700000)
 ParOldGen       total 612352K, used 67659K [0x00000003c0000000, 0x00000003e5600000, 0x000000066ab00000)
  object space 612352K, 11% used [0x00000003c0000000,0x00000003c4212de0,0x00000003e5600000)
 Metaspace       used 86352K, capacity 91756K, committed 92032K, reserved 1128448K
  class space    used 11365K, capacity 12308K, committed 12416K, reserved 1048576K
}
Event: 1343.622 GC heap before
{Heap before GC invocations=29 (full 6):
 PSYoungGen      total 4120576K, used 4113198K [0x000000066ab00000, 0x000000077c880000, 0x00000007c0000000)
  eden space 4067328K, 100% used [0x000000066ab00000,0x0000000762f00000,0x0000000762f00000)
  from space 53248K, 86% used [0x0000000766700000,0x00000007693cbbf8,0x0000000769b00000)
  to   space 57344K, 0% used [0x0000000762f00000,0x0000000762f00000,0x0000000766700000)
 ParOldGen       total 612352K, used 67659K [0x00000003c0000000, 0x00000003e5600000, 0x000000066ab00000)
  object space 612352K, 11% used [0x00000003c0000000,0x00000003c4212de0,0x00000003e5600000)
 Metaspace       used 86428K, capacity 91820K, committed 92032K, reserved 1128448K
  class space    used 11373K, capacity 12308K, committed 12416K, reserved 1048576K
Event: 1343.647 GC heap after
Heap after GC invocations=29 (full 6):
 PSYoungGen      total 4124672K, used 43368K [0x000000066ab00000, 0x000000077fa80000, 0x00000007c0000000)
  eden space 4067328K, 0% used [0x000000066ab00000,0x000000066ab00000,0x0000000762f00000)
  from space 57344K, 75% used [0x0000000762f00000,0x000000076595a368,0x0000000766700000)
  to   space 59904K, 0% used [0x000000077c000000,0x000000077c000000,0x000000077fa80000)
 ParOldGen       total 612352K, used 67667K [0x00000003c0000000, 0x00000003e5600000, 0x000000066ab00000)
  object space 612352K, 11% used [0x00000003c0000000,0x00000003c4214de0,0x00000003e5600000)
 Metaspace       used 86428K, capacity 91820K, committed 92032K, reserved 1128448K
  class space    used 11373K, capacity 12308K, committed 12416K, reserved 1048576K
}
Event: 1395.256 GC heap before
{Heap before GC invocations=30 (full 6):
 PSYoungGen      total 4124672K, used 1941889K [0x000000066ab00000, 0x000000077fa80000, 0x00000007c0000000)
  eden space 4067328K, 46% used [0x000000066ab00000,0x00000006de9061c0,0x0000000762f00000)
  from space 57344K, 75% used [0x0000000762f00000,0x000000076595a368,0x0000000766700000)
  to   space 59904K, 0% used [0x000000077c000000,0x000000077c000000,0x000000077fa80000)
 ParOldGen       total 612352K, used 67667K [0x00000003c0000000, 0x00000003e5600000, 0x000000066ab00000)
  object space 612352K, 11% used [0x00000003c0000000,0x00000003c4214de0,0x00000003e5600000)
 Metaspace       used 86858K, capacity 92210K, committed 92544K, reserved 1130496K
  class space    used 11379K, capacity 12310K, committed 12416K, reserved 1048576K

