# JRE version: Java(TM) SE Runtime Environment (8.0_91-b14) (build 1.8.0_91-b14)
# Java VM: Java HotSpot(TM) 64-Bit Server VM (25.91-b14 mixed mode bsd-amd64 compressed oops)
Heap:
 PSYoungGen      total 343552K, used 83240K [0x000000076ab00000, 0x0000000781100000, 0x00000007c0000000)
  eden space 327168K, 20% used [0x000000076ab00000,0x000000076ec51768,0x000000077ea80000)
  from space 16384K, 99% used [0x0000000780100000,0x00000007810f8b08,0x0000000781100000)
  to   space 18432K, 0% used [0x000000077ed00000,0x000000077ed00000,0x000000077ff00000)
 ParOldGen       total 151552K, used 21918K [0x00000006c0000000, 0x00000006c9400000, 0x000000076ab00000)
  object space 151552K, 14% used [0x00000006c0000000,0x00000006c1567908,0x00000006c9400000)
 Metaspace       used 42973K, capacity 45288K, committed 45568K, reserved 1089536K
  class space    used 5945K, capacity 6351K, committed 6400K, reserved 1048576K
GC Heap History (10 events):
Event: 2.676 GC heap before
{Heap before GC invocations=8 (full 1):
 PSYoungGen      total 175104K, used 175103K [0x000000076ab00000, 0x0000000778980000, 0x00000007c0000000)
  eden space 163840K, 100% used [0x000000076ab00000,0x0000000774b00000,0x0000000774b00000)
  from space 11264K, 99% used [0x0000000775900000,0x00000007763ffd38,0x0000000776400000)
  to   space 14336K, 0% used [0x0000000774b00000,0x0000000774b00000,0x0000000775900000)
 ParOldGen       total 95744K, used 9547K [0x00000006c0000000, 0x00000006c5d80000, 0x000000076ab00000)
  object space 95744K, 9% used [0x00000006c0000000,0x00000006c0952de8,0x00000006c5d80000)
 Metaspace       used 31476K, capacity 32914K, committed 33024K, reserved 1077248K
  class space    used 4256K, capacity 4532K, committed 4608K, reserved 1048576K
Event: 2.686 GC heap after
Heap after GC invocations=8 (full 1):
 PSYoungGen      total 178176K, used 14313K [0x000000076ab00000, 0x000000077c180000, 0x00000007c0000000)
  eden space 163840K, 0% used [0x000000076ab00000,0x000000076ab00000,0x0000000774b00000)
  from space 14336K, 99% used [0x0000000774b00000,0x00000007758fa5c8,0x0000000775900000)
  to   space 17408K, 0% used [0x000000077b080000,0x000000077b080000,0x000000077c180000)
 ParOldGen       total 95744K, used 11858K [0x00000006c0000000, 0x00000006c5d80000, 0x000000076ab00000)
  object space 95744K, 12% used [0x00000006c0000000,0x00000006c0b94830,0x00000006c5d80000)
 Metaspace       used 31476K, capacity 32914K, committed 33024K, reserved 1077248K
  class space    used 4256K, capacity 4532K, committed 4608K, reserved 1048576K
}
Event: 2.838 GC heap before
{Heap before GC invocations=9 (full 1):
 PSYoungGen      total 178176K, used 53889K [0x000000076ab00000, 0x000000077c180000, 0x00000007c0000000)
  eden space 163840K, 24% used [0x000000076ab00000,0x000000076d1a6020,0x0000000774b00000)
  from space 14336K, 99% used [0x0000000774b00000,0x00000007758fa5c8,0x0000000775900000)
  to   space 17408K, 0% used [0x000000077b080000,0x000000077b080000,0x000000077c180000)
 ParOldGen       total 95744K, used 11858K [0x00000006c0000000, 0x00000006c5d80000, 0x000000076ab00000)
  object space 95744K, 12% used [0x00000006c0000000,0x00000006c0b94830,0x00000006c5d80000)
 Metaspace       used 34001K, capacity 35466K, committed 35496K, reserved 1079296K
  class space    used 4563K, capacity 4862K, committed 4864K, reserved 1048576K
Event: 2.847 GC heap after
Heap after GC invocations=9 (full 1):
 PSYoungGen      total 268800K, used 10663K [0x000000076ab00000, 0x000000077ca80000, 0x00000007c0000000)
  eden space 251392K, 0% used [0x000000076ab00000,0x000000076ab00000,0x000000077a080000)
  from space 17408K, 61% used [0x000000077b080000,0x000000077bae9e10,0x000000077c180000)
  to   space 16384K, 0% used [0x000000077a080000,0x000000077a080000,0x000000077b080000)
 ParOldGen       total 95744K, used 17751K [0x00000006c0000000, 0x00000006c5d80000, 0x000000076ab00000)
  object space 95744K, 18% used [0x00000006c0000000,0x00000006c1155e68,0x00000006c5d80000)
 Metaspace       used 34001K, capacity 35466K, committed 35496K, reserved 1079296K
  class space    used 4563K, capacity 4862K, committed 4864K, reserved 1048576K
}
Event: 2.847 GC heap before
{Heap before GC invocations=10 (full 2):
 PSYoungGen      total 268800K, used 10663K [0x000000076ab00000, 0x000000077ca80000, 0x00000007c0000000)
  eden space 251392K, 0% used [0x000000076ab00000,0x000000076ab00000,0x000000077a080000)
  from space 17408K, 61% used [0x000000077b080000,0x000000077bae9e10,0x000000077c180000)
  to   space 16384K, 0% used [0x000000077a080000,0x000000077a080000,0x000000077b080000)
 ParOldGen       total 95744K, used 17751K [0x00000006c0000000, 0x00000006c5d80000, 0x000000076ab00000)
  object space 95744K, 18% used [0x00000006c0000000,0x00000006c1155e68,0x00000006c5d80000)
 Metaspace       used 34001K, capacity 35466K, committed 35496K, reserved 1079296K
  class space    used 4563K, capacity 4862K, committed 4864K, reserved 1048576K
Event: 2.889 GC heap after
Heap after GC invocations=10 (full 2):
 PSYoungGen      total 268800K, used 0K [0x000000076ab00000, 0x000000077ca80000, 0x00000007c0000000)
  eden space 251392K, 0% used [0x000000076ab00000,0x000000076ab00000,0x000000077a080000)
  from space 17408K, 0% used [0x000000077b080000,0x000000077b080000,0x000000077c180000)
  to   space 16384K, 0% used [0x000000077a080000,0x000000077a080000,0x000000077b080000)
 ParOldGen       total 151552K, used 21294K [0x00000006c0000000, 0x00000006c9400000, 0x000000076ab00000)
  object space 151552K, 14% used [0x00000006c0000000,0x00000006c14cb880,0x00000006c9400000)
 Metaspace       used 34001K, capacity 35466K, committed 35496K, reserved 1079296K
  class space    used 4563K, capacity 4862K, committed 4864K, reserved 1048576K
}
Event: 3.864 GC heap before
{Heap before GC invocations=11 (full 2):
 PSYoungGen      total 268800K, used 251392K [0x000000076ab00000, 0x000000077ca80000, 0x00000007c0000000)
  eden space 251392K, 100% used [0x000000076ab00000,0x000000077a080000,0x000000077a080000)
  from space 17408K, 0% used [0x000000077b080000,0x000000077b080000,0x000000077c180000)
  to   space 16384K, 0% used [0x000000077a080000,0x000000077a080000,0x000000077b080000)
 ParOldGen       total 151552K, used 21294K [0x00000006c0000000, 0x00000006c9400000, 0x000000076ab00000)
  object space 151552K, 14% used [0x00000006c0000000,0x00000006c14cb880,0x00000006c9400000)
 Metaspace       used 38096K, capacity 40060K, committed 40192K, reserved 1083392K
  class space    used 5221K, capacity 5575K, committed 5632K, reserved 1048576K
Event: 3.872 GC heap after
Heap after GC invocations=11 (full 2):
 PSYoungGen      total 267776K, used 11942K [0x000000076ab00000, 0x0000000781100000, 0x00000007c0000000)
  eden space 251392K, 0% used [0x000000076ab00000,0x000000076ab00000,0x000000077a080000)
  from space 16384K, 72% used [0x000000077a080000,0x000000077ac29bc8,0x000000077b080000)
  to   space 16384K, 0% used [0x0000000780100000,0x0000000780100000,0x0000000781100000)
 ParOldGen       total 151552K, used 21302K [0x00000006c0000000, 0x00000006c9400000, 0x000000076ab00000)
  object space 151552K, 14% used [0x00000006c0000000,0x00000006c14cd880,0x00000006c9400000)
 Metaspace       used 38096K, capacity 40060K, committed 40192K, reserved 1083392K
  class space    used 5221K, capacity 5575K, committed 5632K, reserved 1048576K
}
Event: 5.137 GC heap before
{Heap before GC invocations=12 (full 2):
 PSYoungGen      total 267776K, used 263334K [0x000000076ab00000, 0x0000000781100000, 0x00000007c0000000)
  eden space 251392K, 100% used [0x000000076ab00000,0x000000077a080000,0x000000077a080000)
  from space 16384K, 72% used [0x000000077a080000,0x000000077ac29bc8,0x000000077b080000)
  to   space 16384K, 0% used [0x0000000780100000,0x0000000780100000,0x0000000781100000)
 ParOldGen       total 151552K, used 21302K [0x00000006c0000000, 0x00000006c9400000, 0x000000076ab00000)
  object space 151552K, 14% used [0x00000006c0000000,0x00000006c14cd880,0x00000006c9400000)
 Metaspace       used 41164K, capacity 43352K, committed 43520K, reserved 1087488K
  class space    used 5691K, capacity 6091K, committed 6144K, reserved 1048576K
Event: 5.149 GC heap after
Heap after GC invocations=12 (full 2):
 PSYoungGen      total 343552K, used 16354K [0x000000076ab00000, 0x0000000781100000, 0x00000007c0000000)
  eden space 327168K, 0% used [0x000000076ab00000,0x000000076ab00000,0x000000077ea80000)
  from space 16384K, 99% used [0x0000000780100000,0x00000007810f8b08,0x0000000781100000)
  to   space 18432K, 0% used [0x000000077ed00000,0x000000077ed00000,0x000000077ff00000)
 ParOldGen       total 151552K, used 21918K [0x00000006c0000000, 0x00000006c9400000, 0x000000076ab00000)
  object space 151552K, 14% used [0x00000006c0000000,0x00000006c1567908,0x00000006c9400000)
 Metaspace       used 41164K, capacity 43352K, committed 43520K, reserved 1087488K
  class space    used 5691K, capacity 6091K, committed 6144K, reserved 1048576K
}

