# JRE version: Java(TM) SE Runtime Environment (8.0_91-b14) (build 1.8.0_91-b14)
# Java VM: Java HotSpot(TM) 64-Bit Server VM (25.91-b14 mixed mode bsd-amd64 compressed oops)
Heap:
 PSYoungGen      total 302592K, used 13810K [0x000000076ab00000, 0x0000000783100000, 0x00000007c0000000)
  eden space 283648K, 4% used [0x000000076ab00000,0x000000076b87cb70,0x000000077c000000)
  from space 18944K, 0% used [0x000000077d180000,0x000000077d180000,0x000000077e400000)
  to   space 17920K, 0% used [0x000000077c000000,0x000000077c000000,0x000000077d180000)
 ParOldGen       total 171520K, used 21250K [0x00000006c0000000, 0x00000006ca780000, 0x000000076ab00000)
  object space 171520K, 12% used [0x00000006c0000000,0x00000006c14c0b80,0x00000006ca780000)
 Metaspace       used 35524K, capacity 35908K, committed 36312K, reserved 1081344K
  class space    used 4654K, capacity 4758K, committed 4864K, reserved 1048576K
GC Heap History (10 events):
Event: 1.292 GC heap before
{Heap before GC invocations=4 (full 1):
 PSYoungGen      total 141824K, used 9620K [0x000000076ab00000, 0x000000077c000000, 0x00000007c0000000)
  eden space 131072K, 0% used [0x000000076ab00000,0x000000076ab00000,0x0000000772b00000)
  from space 10752K, 89% used [0x0000000772b00000,0x00000007734650c0,0x0000000773580000)
  to   space 10752K, 0% used [0x000000077b580000,0x000000077b580000,0x000000077c000000)
 ParOldGen       total 175104K, used 104K [0x00000006c0000000, 0x00000006cab00000, 0x000000076ab00000)
  object space 175104K, 0% used [0x00000006c0000000,0x00000006c001a010,0x00000006cab00000)
 Metaspace       used 20807K, capacity 21062K, committed 21248K, reserved 1067008K
  class space    used 2617K, capacity 2710K, committed 2816K, reserved 1048576K
Event: 1.320 GC heap after
Heap after GC invocations=4 (full 1):
 PSYoungGen      total 141824K, used 0K [0x000000076ab00000, 0x000000077c000000, 0x00000007c0000000)
  eden space 131072K, 0% used [0x000000076ab00000,0x000000076ab00000,0x0000000772b00000)
  from space 10752K, 0% used [0x0000000772b00000,0x0000000772b00000,0x0000000773580000)
  to   space 10752K, 0% used [0x000000077b580000,0x000000077b580000,0x000000077c000000)
 ParOldGen       total 108032K, used 9300K [0x00000006c0000000, 0x00000006c6980000, 0x000000076ab00000)
  object space 108032K, 8% used [0x00000006c0000000,0x00000006c09150f8,0x00000006c6980000)
 Metaspace       used 20807K, capacity 21062K, committed 21248K, reserved 1067008K
  class space    used 2617K, capacity 2710K, committed 2816K, reserved 1048576K
}
Event: 1.968 GC heap before
{Heap before GC invocations=5 (full 1):
 PSYoungGen      total 141824K, used 131072K [0x000000076ab00000, 0x000000077c000000, 0x00000007c0000000)
  eden space 131072K, 100% used [0x000000076ab00000,0x0000000772b00000,0x0000000772b00000)
  from space 10752K, 0% used [0x0000000772b00000,0x0000000772b00000,0x0000000773580000)
  to   space 10752K, 0% used [0x000000077b580000,0x000000077b580000,0x000000077c000000)
 ParOldGen       total 108032K, used 9300K [0x00000006c0000000, 0x00000006c6980000, 0x000000076ab00000)
  object space 108032K, 8% used [0x00000006c0000000,0x00000006c09150f8,0x00000006c6980000)
 Metaspace       used 25556K, capacity 25864K, committed 26240K, reserved 1073152K
  class space    used 3266K, capacity 3361K, committed 3456K, reserved 1048576K
Event: 1.977 GC heap after
Heap after GC invocations=5 (full 1):
 PSYoungGen      total 204800K, used 10731K [0x000000076ab00000, 0x000000077c000000, 0x00000007c0000000)
  eden space 194048K, 0% used [0x000000076ab00000,0x000000076ab00000,0x0000000776880000)
  from space 10752K, 99% used [0x000000077b580000,0x000000077bffada8,0x000000077c000000)
  to   space 10752K, 0% used [0x000000077ab00000,0x000000077ab00000,0x000000077b580000)
 ParOldGen       total 108032K, used 10170K [0x00000006c0000000, 0x00000006c6980000, 0x000000076ab00000)
  object space 108032K, 9% used [0x00000006c0000000,0x00000006c09ee9c8,0x00000006c6980000)
 Metaspace       used 25556K, capacity 25864K, committed 26240K, reserved 1073152K
  class space    used 3266K, capacity 3361K, committed 3456K, reserved 1048576K
}
Event: 3.082 GC heap before
{Heap before GC invocations=6 (full 1):
 PSYoungGen      total 204800K, used 204779K [0x000000076ab00000, 0x000000077c000000, 0x00000007c0000000)
  eden space 194048K, 100% used [0x000000076ab00000,0x0000000776880000,0x0000000776880000)
  from space 10752K, 99% used [0x000000077b580000,0x000000077bffada8,0x000000077c000000)
  to   space 10752K, 0% used [0x000000077ab00000,0x000000077ab00000,0x000000077b580000)
 ParOldGen       total 108032K, used 10170K [0x00000006c0000000, 0x00000006c6980000, 0x000000076ab00000)
  object space 108032K, 9% used [0x00000006c0000000,0x00000006c09ee9c8,0x00000006c6980000)
 Metaspace       used 32700K, capacity 33088K, committed 33408K, reserved 1079296K
  class space    used 4289K, capacity 4372K, committed 4480K, reserved 1048576K
Event: 3.096 GC heap after
Heap after GC invocations=6 (full 1):
 PSYoungGen      total 272896K, used 10721K [0x000000076ab00000, 0x000000077e400000, 0x00000007c0000000)
  eden space 262144K, 0% used [0x000000076ab00000,0x000000076ab00000,0x000000077ab00000)
  from space 10752K, 99% used [0x000000077ab00000,0x000000077b578798,0x000000077b580000)
  to   space 18944K, 0% used [0x000000077d180000,0x000000077d180000,0x000000077e400000)
 ParOldGen       total 108032K, used 20886K [0x00000006c0000000, 0x00000006c6980000, 0x000000076ab00000)
  object space 108032K, 19% used [0x00000006c0000000,0x00000006c1465a40,0x00000006c6980000)
 Metaspace       used 32700K, capacity 33088K, committed 33408K, reserved 1079296K
  class space    used 4289K, capacity 4372K, committed 4480K, reserved 1048576K
}
Event: 140.511 GC heap before
{Heap before GC invocations=7 (full 1):
 PSYoungGen      total 272896K, used 73982K [0x000000076ab00000, 0x000000077e400000, 0x00000007c0000000)
  eden space 262144K, 24% used [0x000000076ab00000,0x000000076e8c7080,0x000000077ab00000)
  from space 10752K, 99% used [0x000000077ab00000,0x000000077b578798,0x000000077b580000)
  to   space 18944K, 0% used [0x000000077d180000,0x000000077d180000,0x000000077e400000)
 ParOldGen       total 108032K, used 20886K [0x00000006c0000000, 0x00000006c6980000, 0x000000076ab00000)
  object space 108032K, 19% used [0x00000006c0000000,0x00000006c1465a40,0x00000006c6980000)
 Metaspace       used 34897K, capacity 35236K, committed 35416K, reserved 1079296K
  class space    used 4574K, capacity 4662K, committed 4736K, reserved 1048576K
Event: 140.521 GC heap after
Heap after GC invocations=7 (full 1):
 PSYoungGen      total 302592K, used 11788K [0x000000076ab00000, 0x0000000783100000, 0x00000007c0000000)
  eden space 283648K, 0% used [0x000000076ab00000,0x000000076ab00000,0x000000077c000000)
  from space 18944K, 62% used [0x000000077d180000,0x000000077dd032b0,0x000000077e400000)
  to   space 17920K, 0% used [0x000000077c000000,0x000000077c000000,0x000000077d180000)
 ParOldGen       total 108032K, used 20894K [0x00000006c0000000, 0x00000006c6980000, 0x000000076ab00000)
  object space 108032K, 19% used [0x00000006c0000000,0x00000006c1467a40,0x00000006c6980000)
 Metaspace       used 34897K, capacity 35236K, committed 35416K, reserved 1079296K
  class space    used 4574K, capacity 4662K, committed 4736K, reserved 1048576K
}
Event: 140.521 GC heap before
{Heap before GC invocations=8 (full 2):
 PSYoungGen      total 302592K, used 11788K [0x000000076ab00000, 0x0000000783100000, 0x00000007c0000000)
  eden space 283648K, 0% used [0x000000076ab00000,0x000000076ab00000,0x000000077c000000)
  from space 18944K, 62% used [0x000000077d180000,0x000000077dd032b0,0x000000077e400000)
  to   space 17920K, 0% used [0x000000077c000000,0x000000077c000000,0x000000077d180000)
 ParOldGen       total 108032K, used 20894K [0x00000006c0000000, 0x00000006c6980000, 0x000000076ab00000)
  object space 108032K, 19% used [0x00000006c0000000,0x00000006c1467a40,0x00000006c6980000)
 Metaspace       used 34897K, capacity 35236K, committed 35416K, reserved 1079296K
  class space    used 4574K, capacity 4662K, committed 4736K, reserved 1048576K
Event: 140.561 GC heap after
Heap after GC invocations=8 (full 2):
 PSYoungGen      total 302592K, used 0K [0x000000076ab00000, 0x0000000783100000, 0x00000007c0000000)
  eden space 283648K, 0% used [0x000000076ab00000,0x000000076ab00000,0x000000077c000000)
  from space 18944K, 0% used [0x000000077d180000,0x000000077d180000,0x000000077e400000)
  to   space 17920K, 0% used [0x000000077c000000,0x000000077c000000,0x000000077d180000)
 ParOldGen       total 171520K, used 21250K [0x00000006c0000000, 0x00000006ca780000, 0x000000076ab00000)
  object space 171520K, 12% used [0x00000006c0000000,0x00000006c14c0b80,0x00000006ca780000)
 Metaspace       used 34897K, capacity 35236K, committed 35416K, reserved 1079296K
  class space    used 4574K, capacity 4662K, committed 4736K, reserved 1048576K
}

