# JRE version: Java(TM) SE Runtime Environment (8.0_91-b14) (build 1.8.0_91-b14)
# Java VM: Java HotSpot(TM) 64-Bit Server VM (25.91-b14 mixed mode bsd-amd64 compressed oops)
Heap:
 PSYoungGen      total 352768K, used 47026K [0x000000076ab00000, 0x0000000781a80000, 0x00000007c0000000)
  eden space 335872K, 8% used [0x000000076ab00000,0x000000076c8837e0,0x000000077f300000)
  from space 16896K, 99% used [0x0000000780a00000,0x0000000781a691f8,0x0000000781a80000)
  to   space 18432K, 0% used [0x000000077f680000,0x000000077f680000,0x0000000780880000)
 ParOldGen       total 148992K, used 21275K [0x00000006c0000000, 0x00000006c9180000, 0x000000076ab00000)
  object space 148992K, 14% used [0x00000006c0000000,0x00000006c14c6f38,0x00000006c9180000)
 Metaspace       used 41621K, capacity 43838K, committed 44032K, reserved 1087488K
  class space    used 5758K, capacity 6141K, committed 6144K, reserved 1048576K
GC Heap History (10 events):
Event: 2.888 GC heap before
{Heap before GC invocations=8 (full 1):
 PSYoungGen      total 176640K, used 176628K [0x000000076ab00000, 0x0000000778a00000, 0x00000007c0000000)
  eden space 165376K, 100% used [0x000000076ab00000,0x0000000774c80000,0x0000000774c80000)
  from space 11264K, 99% used [0x0000000775a80000,0x000000077657d148,0x0000000776580000)
  to   space 14336K, 0% used [0x0000000774c80000,0x0000000774c80000,0x0000000775a80000)
 ParOldGen       total 95744K, used 9480K [0x00000006c0000000, 0x00000006c5d80000, 0x000000076ab00000)
  object space 95744K, 9% used [0x00000006c0000000,0x00000006c0942200,0x00000006c5d80000)
 Metaspace       used 31521K, capacity 32934K, committed 33024K, reserved 1077248K
  class space    used 4268K, capacity 4564K, committed 4608K, reserved 1048576K
Event: 2.899 GC heap after
Heap after GC invocations=8 (full 1):
 PSYoungGen      total 179712K, used 14334K [0x000000076ab00000, 0x000000077c480000, 0x00000007c0000000)
  eden space 165376K, 0% used [0x000000076ab00000,0x000000076ab00000,0x0000000774c80000)
  from space 14336K, 99% used [0x0000000774c80000,0x0000000775a7f9d8,0x0000000775a80000)
  to   space 17408K, 0% used [0x000000077b380000,0x000000077b380000,0x000000077c480000)
 ParOldGen       total 95744K, used 11891K [0x00000006c0000000, 0x00000006c5d80000, 0x000000076ab00000)
  object space 95744K, 12% used [0x00000006c0000000,0x00000006c0b9cf68,0x00000006c5d80000)
 Metaspace       used 31521K, capacity 32934K, committed 33024K, reserved 1077248K
  class space    used 4268K, capacity 4564K, committed 4608K, reserved 1048576K
}
Event: 3.066 GC heap before
{Heap before GC invocations=9 (full 1):
 PSYoungGen      total 179712K, used 51803K [0x000000076ab00000, 0x000000077c480000, 0x00000007c0000000)
  eden space 165376K, 22% used [0x000000076ab00000,0x000000076cf975f0,0x0000000774c80000)
  from space 14336K, 99% used [0x0000000774c80000,0x0000000775a7f9d8,0x0000000775a80000)
  to   space 17408K, 0% used [0x000000077b380000,0x000000077b380000,0x000000077c480000)
 ParOldGen       total 95744K, used 11891K [0x00000006c0000000, 0x00000006c5d80000, 0x000000076ab00000)
  object space 95744K, 12% used [0x00000006c0000000,0x00000006c0b9cf68,0x00000006c5d80000)
 Metaspace       used 34011K, capacity 35454K, committed 35496K, reserved 1079296K
  class space    used 4565K, capacity 4862K, committed 4864K, reserved 1048576K
Event: 3.077 GC heap after
Heap after GC invocations=9 (full 1):
 PSYoungGen      total 271872K, used 10651K [0x000000076ab00000, 0x000000077cf00000, 0x00000007c0000000)
  eden space 254464K, 0% used [0x000000076ab00000,0x000000076ab00000,0x000000077a380000)
  from space 17408K, 61% used [0x000000077b380000,0x000000077bde6f60,0x000000077c480000)
  to   space 16384K, 0% used [0x000000077a380000,0x000000077a380000,0x000000077b380000)
 ParOldGen       total 95744K, used 17788K [0x00000006c0000000, 0x00000006c5d80000, 0x000000076ab00000)
  object space 95744K, 18% used [0x00000006c0000000,0x00000006c115f3c0,0x00000006c5d80000)
 Metaspace       used 34011K, capacity 35454K, committed 35496K, reserved 1079296K
  class space    used 4565K, capacity 4862K, committed 4864K, reserved 1048576K
}
Event: 3.077 GC heap before
{Heap before GC invocations=10 (full 2):
 PSYoungGen      total 271872K, used 10651K [0x000000076ab00000, 0x000000077cf00000, 0x00000007c0000000)
  eden space 254464K, 0% used [0x000000076ab00000,0x000000076ab00000,0x000000077a380000)
  from space 17408K, 61% used [0x000000077b380000,0x000000077bde6f60,0x000000077c480000)
  to   space 16384K, 0% used [0x000000077a380000,0x000000077a380000,0x000000077b380000)
 ParOldGen       total 95744K, used 17788K [0x00000006c0000000, 0x00000006c5d80000, 0x000000076ab00000)
  object space 95744K, 18% used [0x00000006c0000000,0x00000006c115f3c0,0x00000006c5d80000)
 Metaspace       used 34011K, capacity 35454K, committed 35496K, reserved 1079296K
  class space    used 4565K, capacity 4862K, committed 4864K, reserved 1048576K
Event: 3.116 GC heap after
Heap after GC invocations=10 (full 2):
 PSYoungGen      total 271872K, used 0K [0x000000076ab00000, 0x000000077cf00000, 0x00000007c0000000)
  eden space 254464K, 0% used [0x000000076ab00000,0x000000076ab00000,0x000000077a380000)
  from space 17408K, 0% used [0x000000077b380000,0x000000077b380000,0x000000077c480000)
  to   space 16384K, 0% used [0x000000077a380000,0x000000077a380000,0x000000077b380000)
 ParOldGen       total 148992K, used 21259K [0x00000006c0000000, 0x00000006c9180000, 0x000000076ab00000)
  object space 148992K, 14% used [0x00000006c0000000,0x00000006c14c2f38,0x00000006c9180000)
 Metaspace       used 34011K, capacity 35454K, committed 35496K, reserved 1079296K
  class space    used 4565K, capacity 4862K, committed 4864K, reserved 1048576K
}
Event: 4.153 GC heap before
{Heap before GC invocations=11 (full 2):
 PSYoungGen      total 271872K, used 254464K [0x000000076ab00000, 0x000000077cf00000, 0x00000007c0000000)
  eden space 254464K, 100% used [0x000000076ab00000,0x000000077a380000,0x000000077a380000)
  from space 17408K, 0% used [0x000000077b380000,0x000000077b380000,0x000000077c480000)
  to   space 16384K, 0% used [0x000000077a380000,0x000000077a380000,0x000000077b380000)
 ParOldGen       total 148992K, used 21259K [0x00000006c0000000, 0x00000006c9180000, 0x000000076ab00000)
  object space 148992K, 14% used [0x00000006c0000000,0x00000006c14c2f38,0x00000006c9180000)
 Metaspace       used 38352K, capacity 40306K, committed 40576K, reserved 1083392K
  class space    used 5260K, capacity 5640K, committed 5760K, reserved 1048576K
Event: 4.163 GC heap after
Heap after GC invocations=11 (full 2):
 PSYoungGen      total 270848K, used 12314K [0x000000076ab00000, 0x0000000781a80000, 0x00000007c0000000)
  eden space 254464K, 0% used [0x000000076ab00000,0x000000076ab00000,0x000000077a380000)
  from space 16384K, 75% used [0x000000077a380000,0x000000077af86818,0x000000077b380000)
  to   space 16896K, 0% used [0x0000000780a00000,0x0000000780a00000,0x0000000781a80000)
 ParOldGen       total 148992K, used 21267K [0x00000006c0000000, 0x00000006c9180000, 0x000000076ab00000)
  object space 148992K, 14% used [0x00000006c0000000,0x00000006c14c4f38,0x00000006c9180000)
 Metaspace       used 38352K, capacity 40306K, committed 40576K, reserved 1083392K
  class space    used 5260K, capacity 5640K, committed 5760K, reserved 1048576K
}
Event: 5.459 GC heap before
{Heap before GC invocations=12 (full 2):
 PSYoungGen      total 270848K, used 266778K [0x000000076ab00000, 0x0000000781a80000, 0x00000007c0000000)
  eden space 254464K, 100% used [0x000000076ab00000,0x000000077a380000,0x000000077a380000)
  from space 16384K, 75% used [0x000000077a380000,0x000000077af86818,0x000000077b380000)
  to   space 16896K, 0% used [0x0000000780a00000,0x0000000780a00000,0x0000000781a80000)
 ParOldGen       total 148992K, used 21267K [0x00000006c0000000, 0x00000006c9180000, 0x000000076ab00000)
  object space 148992K, 14% used [0x00000006c0000000,0x00000006c14c4f38,0x00000006c9180000)
 Metaspace       used 41187K, capacity 43340K, committed 43520K, reserved 1087488K
  class space    used 5697K, capacity 6091K, committed 6144K, reserved 1048576K
Event: 5.471 GC heap after
Heap after GC invocations=12 (full 2):
 PSYoungGen      total 352768K, used 16804K [0x000000076ab00000, 0x0000000781a80000, 0x00000007c0000000)
  eden space 335872K, 0% used [0x000000076ab00000,0x000000076ab00000,0x000000077f300000)
  from space 16896K, 99% used [0x0000000780a00000,0x0000000781a691f8,0x0000000781a80000)
  to   space 18432K, 0% used [0x000000077f680000,0x000000077f680000,0x0000000780880000)
 ParOldGen       total 148992K, used 21275K [0x00000006c0000000, 0x00000006c9180000, 0x000000076ab00000)
  object space 148992K, 14% used [0x00000006c0000000,0x00000006c14c6f38,0x00000006c9180000)
 Metaspace       used 41187K, capacity 43340K, committed 43520K, reserved 1087488K
  class space    used 5697K, capacity 6091K, committed 6144K, reserved 1048576K
}

